[debug] [2023-02-10T20:53:14.872Z] ----------------------------------------------------------------------
[debug] [2023-02-10T20:53:14.875Z] Command:       C:\Program Files\nodejs\node.exe C:\Users\risso\AppData\Roaming\npm\node_modules\firebase-tools\lib\bin\firebase.js init
[debug] [2023-02-10T20:53:14.876Z] CLI Version:   11.22.0
[debug] [2023-02-10T20:53:14.876Z] Platform:      win32
[debug] [2023-02-10T20:53:14.876Z] Node Version:  v16.15.1
[debug] [2023-02-10T20:53:14.877Z] Time:          Fri Feb 10 2023 17:53:14 GMT-0300 (hora estándar de Uruguay)
[debug] [2023-02-10T20:53:14.878Z] ----------------------------------------------------------------------
[debug] 
[debug] [2023-02-10T20:53:14.890Z] > command requires scopes: ["email","openid","https://www.googleapis.com/auth/cloudplatformprojects.readonly","https://www.googleapis.com/auth/firebase","https://www.googleapis.com/auth/cloud-platform"]
[debug] [2023-02-10T20:53:14.890Z] > authorizing via signed-in user (leonardopuchetta21@gmail.com)
[info] 
     ######## #### ########  ######## ########     ###     ######  ########
     ##        ##  ##     ## ##       ##     ##  ##   ##  ##       ##
     ######    ##  ########  ######   ########  #########  ######  ######
     ##        ##  ##    ##  ##       ##     ## ##     ##       ## ##
     ##       #### ##     ## ######## ########  ##     ##  ######  ########

You're about to initialize a Firebase project in this directory:

  C:\Users\risso\Desktop\e-commerce\client

[info] 
=== Project Setup
[info] 
[info] First, let's associate this project directory with a Firebase project.
[info] You can create multiple project aliases by running firebase use --add, 
[info] but for now we'll just set up a default project.
[info] 
[debug] [2023-02-10T20:53:59.516Z] >>> [apiv2][query] GET https://firebase.googleapis.com/v1beta1/projects pageSize=100
[debug] [2023-02-10T20:54:00.147Z] <<< [apiv2][status] GET https://firebase.googleapis.com/v1beta1/projects 200
[debug] [2023-02-10T20:54:00.147Z] <<< [apiv2][body] GET https://firebase.googleapis.com/v1beta1/projects [omitted]
[info] i  Using project e-commerce-vivero (e-commerce-vivero) 
[info] 
=== Hosting Setup
[info] 
[info] Your public directory is the folder (relative to your project directory) that
[info] will contain Hosting assets to be uploaded with firebase deploy. If you
[info] have a build process for your assets, use your build's output directory.
[info] 
[debug] [2023-02-10T20:54:42.688Z] >>> [apiv2][query] GET https://www.gstatic.com/firebasejs/releases.json [none]
[debug] [2023-02-10T20:54:42.789Z] <<< [apiv2][status] GET https://www.gstatic.com/firebasejs/releases.json 200
[debug] [2023-02-10T20:54:42.790Z] <<< [apiv2][body] GET https://www.gstatic.com/firebasejs/releases.json {"current":{"version":"9.17.1","browserURL":"https://www.gstatic.com/firebasejs/9.17.1/firebase.js","packageURL":"https://www.gstatic.com/firebasejs/9.17.1/firebase.tgz"},"live":{"version":"9.17","browserURL":"https://www.gstatic.com/firebasejs/live/9.17/firebase.js","packageURL":"https://www.gstatic.com/firebasejs/live/9.17/firebase.tgz"},"components":{"analytics":"https://www.gstatic.com/firebasejs/9.17.1/firebase-analytics.js","app":"https://www.gstatic.com/firebasejs/9.17.1/firebase-app.js","app-check":"https://www.gstatic.com/firebasejs/9.17.1/firebase-app-check.js","auth":"https://www.gstatic.com/firebasejs/9.17.1/firebase-auth.js","auth/cordova":"https://www.gstatic.com/firebasejs/9.17.1/firebase-auth/cordova.js","auth/react-native":"https://www.gstatic.com/firebasejs/9.17.1/firebase-auth/react-native.js","functions":"https://www.gstatic.com/firebasejs/9.17.1/firebase-functions.js","firestore":"https://www.gstatic.com/firebasejs/9.17.1/firebase-firestore.js","firestore/lite":"https://www.gstatic.com/firebasejs/9.17.1/firebase-firestore/lite.js","installations":"https://www.gstatic.com/firebasejs/9.17.1/firebase-installations.js","storage":"https://www.gstatic.com/firebasejs/9.17.1/firebase-storage.js","performance":"https://www.gstatic.com/firebasejs/9.17.1/firebase-performance.js","remote-config":"https://www.gstatic.com/firebasejs/9.17.1/firebase-remote-config.js","messaging":"https://www.gstatic.com/firebasejs/9.17.1/firebase-messaging.js","messaging/sw":"https://www.gstatic.com/firebasejs/9.17.1/firebase-messaging/sw.js","database":"https://www.gstatic.com/firebasejs/9.17.1/firebase-database.js","firestore.memory":"https://www.gstatic.com/firebasejs/9.17.1/firebase-firestore.memory.js"}}
[info] i  Skipping write of public/index.html 
[info] 
[info] i  Detected a .git folder at C:\Users\risso\Desktop\e-commerce\client 
[info] i  Authorizing with GitHub to upload your service account to a GitHub repository's secrets store. 
[info] 
[info] Visit this URL on this device to log in:
[info] https://github.com/login/oauth/authorize?client_id=89cf50f02ac6aaed3484&state=834996353&redirect_uri=http%3A%2F%2Flocalhost%3A9005&scope=read%3Auser%20repo%20public_repo
[info] 
[info] Waiting for authentication...
[debug] [2023-02-10T20:56:43.517Z] >>> [apiv2][query] POST https://github.com/login/oauth/access_token [none]
[debug] [2023-02-10T20:56:43.517Z] >>> [apiv2][body] POST https://github.com/login/oauth/access_token [stream]
[debug] [2023-02-10T20:56:43.913Z] <<< [apiv2][status] POST https://github.com/login/oauth/access_token 200
[debug] [2023-02-10T20:56:43.914Z] <<< [apiv2][body] POST https://github.com/login/oauth/access_token {"access_token":"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","token_type":"bearer","scope":"read:user,repo"}
[debug] [2023-02-10T20:56:43.951Z] >>> [apiv2][query] GET https://api.github.com/user [none]
[debug] [2023-02-10T20:56:44.391Z] <<< [apiv2][status] GET https://api.github.com/user 200
[debug] [2023-02-10T20:56:44.391Z] <<< [apiv2][body] GET https://api.github.com/user {"login":"LeonardoPuchetta","id":57669238,"node_id":"MDQ6VXNlcjU3NjY5MjM4","avatar_url":"https://avatars.githubusercontent.com/u/57669238?v=4","gravatar_id":"","url":"https://api.github.com/users/LeonardoPuchetta","html_url":"https://github.com/LeonardoPuchetta","followers_url":"https://api.github.com/users/LeonardoPuchetta/followers","following_url":"https://api.github.com/users/LeonardoPuchetta/following{/other_user}","gists_url":"https://api.github.com/users/LeonardoPuchetta/gists{/gist_id}","starred_url":"https://api.github.com/users/LeonardoPuchetta/starred{/owner}{/repo}","subscriptions_url":"https://api.github.com/users/LeonardoPuchetta/subscriptions","organizations_url":"https://api.github.com/users/LeonardoPuchetta/orgs","repos_url":"https://api.github.com/users/LeonardoPuchetta/repos","events_url":"https://api.github.com/users/LeonardoPuchetta/events{/privacy}","received_events_url":"https://api.github.com/users/LeonardoPuchetta/received_events","type":"User","site_admin":false,"name":"Leonardo Puchetta","company":null,"blog":"","location":null,"email":null,"hireable":null,"bio":null,"twitter_username":null,"public_repos":15,"public_gists":0,"followers":2,"following":2,"created_at":"2019-11-12T12:40:53Z","updated_at":"2023-02-03T11:05:00Z","private_gists":0,"total_private_repos":0,"owned_private_repos":0,"disk_usage":134823,"collaborators":0,"two_factor_authentication":false,"plan":{"name":"free","space":976562499,"collaborators":0,"private_repos":10000}}
[info] 
[info] +  Success! Logged into GitHub as LeonardoPuchetta 
[info] 
